<?xml version="1.0" encoding="UTF-8" ?>
<testsuite tests="6" failures="0" name="com.revature.dao.ReimDaoTest" time="1.892" errors="0" skipped="0">
  <properties>
[...]
</properties>
  <testcase classname="com.revature.dao.ReimDaoTest" name="aTest" time="0.238"/>
  <testcase classname="com.revature.dao.ReimDaoTest" name="bTest" time="0.226"/>
  <testcase classname="com.revature.dao.ReimDaoTest" name="baTest" time="0.46"/>
  <testcase classname="com.revature.dao.ReimDaoTest" name="cTest" time="0.239"/>
  <testcase classname="com.revature.dao.ReimDaoTest" name="caTest" time="0.238"/>
  <testcase classname="com.revature.dao.ReimDaoTest" name="dTest" time="0.491"/>
</testsuite>